The system is: Windows - 10.0.22621 - AMD64
Compiling the C compiler identification source file "CMakeCCompilerId.c" succeeded.
Compiler: C:/Program Files/Microsoft Visual Studio/2022/Community/VC/Tools/MSVC/14.36.32532/bin/Hostx64/x64/cl.exe 
Build flags: 
Id flags:  

The output was:
0
Оптимизирующий компилятор Microsoft (R) C/C++ версии 19.36.32535 для x64
(C) Корпорация Майкрософт (Microsoft Corporation).  Все права защищены.

CMakeCCompilerId.c
Microsoft (R) Incremental Linker Version 14.36.32535.0
Copyright (C) Microsoft Corporation.  All rights reserved.

/out:CMakeCCompilerId.exe 
CMakeCCompilerId.obj 


Compilation of the C compiler identification source "CMakeCCompilerId.c" produced "CMakeCCompilerId.exe"

Compilation of the C compiler identification source "CMakeCCompilerId.c" produced "CMakeCCompilerId.obj"

The C compiler identification is MSVC, found in "C:/Users/kewldan/Desktop/engine/build/release/CMakeFiles/3.25.2/CompilerIdC/CMakeCCompilerId.exe"

Compiling the CXX compiler identification source file "CMakeCXXCompilerId.cpp" succeeded.
Compiler: C:/Program Files/Microsoft Visual Studio/2022/Community/VC/Tools/MSVC/14.36.32532/bin/Hostx64/x64/cl.exe 
Build flags: 
Id flags:  

The output was:
0
Оптимизирующий компилятор Microsoft (R) C/C++ версии 19.36.32535 для x64
(C) Корпорация Майкрософт (Microsoft Corporation).  Все права защищены.

CMakeCXXCompilerId.cpp
Microsoft (R) Incremental Linker Version 14.36.32535.0
Copyright (C) Microsoft Corporation.  All rights reserved.

/out:CMakeCXXCompilerId.exe 
CMakeCXXCompilerId.obj 


Compilation of the CXX compiler identification source "CMakeCXXCompilerId.cpp" produced "CMakeCXXCompilerId.exe"

Compilation of the CXX compiler identification source "CMakeCXXCompilerId.cpp" produced "CMakeCXXCompilerId.obj"

The CXX compiler identification is MSVC, found in "C:/Users/kewldan/Desktop/engine/build/release/CMakeFiles/3.25.2/CompilerIdCXX/CMakeCXXCompilerId.exe"

Detecting C compiler ABI info compiled with the following output:
Change Dir: C:/Users/kewldan/Desktop/engine/build/release/CMakeFiles/CMakeScratch/TryCompile-owjk43

Run Build Command(s):C:/Users/kewld/AppData/Local/JetBrains/Toolbox/apps/CLion/ch-0/231.9161.40/bin/ninja/win/x64/ninja.exe cmTC_08130 && [1/2] Building C object CMakeFiles\cmTC_08130.dir\CMakeCCompilerABI.c.obj
[2/2] Linking C executable cmTC_08130.exe



Detecting CXX compiler ABI info compiled with the following output:
Change Dir: C:/Users/kewldan/Desktop/engine/build/release/CMakeFiles/CMakeScratch/TryCompile-9d6i50

Run Build Command(s):C:/Users/kewld/AppData/Local/JetBrains/Toolbox/apps/CLion/ch-0/231.9161.40/bin/ninja/win/x64/ninja.exe cmTC_28851 && [1/2] Building CXX object CMakeFiles\cmTC_28851.dir\CMakeCXXCompilerABI.cpp.obj
[2/2] Linking CXX executable cmTC_28851.exe



